********************************************************************************
product = Open Liberty 21.0.0.3 (wlp-1.0.50.cl210320210309-1101)
wlp.install.dir = D:/College/2020/Spring 2021/CSC 480/Project/TravelingGrocery-GUI/finish/target/liberty/wlp/
java.home = C:\Program Files\Java\jdk-15.0.2
java.version = 15.0.2
java.runtime = Java(TM) SE Runtime Environment (15.0.2+7-27)
os = Windows 10 (10.0; amd64) (en_US)
process = 23064@MSI
********************************************************************************
[4/1/21, 20:48:10:079 EDT] 00000001 com.ibm.ws.kernel.launch.internal.FrameworkManager           A CWWKE0001I: The server defaultServer has been launched.
[4/1/21, 20:48:18:872 EDT] 0000001a com.ibm.ws.config.xml.internal.ServerXMLConfiguration        A CWWKG0093A: Processing configuration drop-ins resource: D:\College\2020\Spring 2021\CSC 480\Project\TravelingGrocery-GUI\finish\target\liberty\wlp\usr\servers\defaultServer\configDropins\overrides\liberty-plugin-variable-config.xml
[4/1/21, 20:48:19:221 EDT] 00000001 com.ibm.ws.kernel.launch.internal.FrameworkManager           I CWWKE0002I: The kernel started after 9.66 seconds
[4/1/21, 20:48:19:264 EDT] 00000025 com.ibm.ws.kernel.feature.internal.FeatureManager            I CWWKF0007I: Feature update started.
[4/1/21, 20:48:22:715 EDT] 0000001a g.apache.cxf.cxf.core.3.2:1.0.50.cl210320210309-1101(id=92)] I Aries Blueprint packages not available. So namespaces will not be registered
[4/1/21, 20:48:22:903 EDT] 0000001d com.ibm.ws.app.manager.internal.monitor.DropinMonitor        A CWWKZ0058I: Monitoring dropins for applications.
[4/1/21, 20:48:23:469 EDT] 0000003c com.ibm.ws.app.manager.AppMessageHelper                      I CWWKZ0018I: Starting application guide-rest-client-reactjs.
[4/1/21, 20:48:23:471 EDT] 0000003c bm.ws.app.manager.war.internal.WARDeployedAppInfoFactoryImpl I CWWKZ0134I: The guide-rest-client-reactjs application is using the loose application definition at the D:\College\2020\Spring 2021\CSC 480\Project\TravelingGrocery-GUI\finish\target\liberty\wlp\usr\servers\defaultServer\apps\guide-rest-client-reactjs.war.xml location.
[4/1/21, 20:48:24:188 EDT] 0000003c com.ibm.ws.session.WASSessionCore                            I SESN8501I: The session manager did not find a persistent storage location; HttpSession objects will be stored in the local application server's memory.
[4/1/21, 20:48:24:201 EDT] 0000003c com.ibm.ws.webcontainer.osgi.webapp.WebGroup                 I SRVE0169I: Loading Web Module: Liberty Project.
[4/1/21, 20:48:24:205 EDT] 0000003c com.ibm.ws.webcontainer                                      I SRVE0250I: Web Module Liberty Project has been bound to default_host.
[4/1/21, 20:48:24:207 EDT] 0000003c com.ibm.ws.http.internal.VirtualHostImpl                     A CWWKT0016I: Web application available (default_host): http://msi.lan:9069/
[4/1/21, 20:48:24:303 EDT] 0000002b com.ibm.ws.session.WASSessionCore                            I SESN0176I: A new session context will be created for application key default_host/
[4/1/21, 20:48:24:326 EDT] 0000002b com.ibm.ws.util                                              I SESN0172I: The session manager is using the Java default SecureRandom implementation for session ID generation.
[4/1/21, 20:48:24:395 EDT] 0000002b com.ibm.ws.app.manager.AppMessageHelper                      A CWWKZ0001I: Application guide-rest-client-reactjs started in 0.926 seconds.
[4/1/21, 20:48:24:427 EDT] 00000025 com.ibm.ws.tcpchannel.internal.TCPPort                       I CWWKO0219I: TCP Channel defaultHttpEndpoint has been started and is now listening for requests on host *  (IPv6) port 9069.
[4/1/21, 20:48:24:476 EDT] 00000025 com.ibm.ws.kernel.feature.internal.FeatureManager            A CWWKF0012I: The server installed the following features: [jaxrs-2.1, jaxrsClient-2.1, jsonp-1.1, servlet-4.0].
[4/1/21, 20:48:24:477 EDT] 00000025 com.ibm.ws.kernel.feature.internal.FeatureManager            I CWWKF0008I: Feature update completed in 5.261 seconds.
[4/1/21, 20:48:24:478 EDT] 00000025 com.ibm.ws.kernel.feature.internal.FeatureManager            A CWWKF0011I: The defaultServer server is ready to run a smarter planet. The defaultServer server started in 14.921 seconds.
[4/1/21, 20:48:24:809 EDT] 0000002c com.ibm.ws.webcontainer.osgi.mbeans.PluginGenerator          I SRVE9103I: A configuration file for a web server plugin was automatically generated for this server at D:\College\2020\Spring 2021\CSC 480\Project\TravelingGrocery-GUI\finish\target\liberty\wlp\usr\servers\defaultServer\logs\state\plugin-cfg.xml.
[4/1/21, 20:48:27:611 EDT] 0000002a com.ibm.ws.http.internal.VirtualHostImpl                     A CWWKT0017I: Web application removed (default_host): http://msi.lan:9069/
[4/1/21, 20:48:27:630 EDT] 0000002a com.ibm.ws.app.manager.AppMessageHelper                      A CWWKZ0009I: The application guide-rest-client-reactjs has stopped successfully.
[4/1/21, 20:48:27:647 EDT] 0000002a com.ibm.ws.app.manager.AppMessageHelper                      I CWWKZ0018I: Starting application guide-rest-client-reactjs.
[4/1/21, 20:48:27:647 EDT] 0000002a bm.ws.app.manager.war.internal.WARDeployedAppInfoFactoryImpl I CWWKZ0134I: The guide-rest-client-reactjs application is using the loose application definition at the D:\College\2020\Spring 2021\CSC 480\Project\TravelingGrocery-GUI\finish\target\liberty\wlp\usr\servers\defaultServer\apps\guide-rest-client-reactjs.war.xml location.
[4/1/21, 20:48:27:829 EDT] 0000002e com.ibm.ws.webcontainer.osgi.mbeans.PluginGenerator          I SRVE9103I: A configuration file for a web server plugin was automatically generated for this server at D:\College\2020\Spring 2021\CSC 480\Project\TravelingGrocery-GUI\finish\target\liberty\wlp\usr\servers\defaultServer\logs\state\plugin-cfg.xml.
[4/1/21, 20:48:27:848 EDT] 0000002a com.ibm.ws.webcontainer.osgi.webapp.WebGroup                 I SRVE0169I: Loading Web Module: Liberty Project.
[4/1/21, 20:48:27:848 EDT] 0000002a com.ibm.ws.webcontainer                                      I SRVE0250I: Web Module Liberty Project has been bound to default_host.
[4/1/21, 20:48:27:849 EDT] 0000002a com.ibm.ws.http.internal.VirtualHostImpl                     A CWWKT0016I: Web application available (default_host): http://msi.lan:9069/
[4/1/21, 20:48:27:857 EDT] 0000002f com.ibm.ws.session.WASSessionCore                            I SESN0176I: A new session context will be created for application key default_host/
[4/1/21, 20:48:27:858 EDT] 0000002f com.ibm.ws.util                                              I SESN0172I: The session manager is using the Java default SecureRandom implementation for session ID generation.
[4/1/21, 20:48:27:862 EDT] 0000002f com.ibm.ws.app.manager.AppMessageHelper                      A CWWKZ0003I: The application guide-rest-client-reactjs updated in 0.215 seconds.
[4/1/21, 20:48:28:025 EDT] 00000031 com.ibm.ws.webcontainer.osgi.mbeans.PluginGenerator          I SRVE9103I: A configuration file for a web server plugin was automatically generated for this server at D:\College\2020\Spring 2021\CSC 480\Project\TravelingGrocery-GUI\finish\target\liberty\wlp\usr\servers\defaultServer\logs\state\plugin-cfg.xml.
[4/1/21, 20:49:00:257 EDT] 00000016 com.ibm.ws.kernel.launch.internal.ServerCommandListener      A CWWKE0055I: Server shutdown requested on Thursday, April 1, 2021 at 8:49 PM. The server defaultServer is shutting down.
[4/1/21, 20:49:00:262 EDT] 00000044 com.ibm.ws.runtime.update.internal.RuntimeUpdateManagerImpl  A CWWKE1100I: Waiting for up to 30 seconds for the server to quiesce.
[4/1/21, 20:49:00:268 EDT] 00000031 com.ibm.ws.tcpchannel.internal.TCPChannel                    I CWWKO0220I: TCP Channel defaultHttpEndpoint has stopped listening for requests on host *  (IPv6) port 9069.
[4/1/21, 20:49:00:269 EDT] 00000031 com.ibm.ws.http.internal.VirtualHostImpl                     A CWWKT0017I: Web application removed (default_host): http://msi.lan:9069/
[4/1/21, 20:49:01:273 EDT] 00000044 com.ibm.ws.runtime.update.internal.RuntimeUpdateManagerImpl  I CWWKE1101I: Server quiesce complete.
[4/1/21, 20:49:01:304 EDT] 00000038 com.ibm.ws.app.manager.AppMessageHelper                      A CWWKZ0009I: The application guide-rest-client-reactjs has stopped successfully.
[4/1/21, 20:49:01:954 EDT] 00000001 com.ibm.ws.kernel.launch.internal.FrameworkManager           A CWWKE0036I: The server defaultServer stopped after 52.396 seconds.
