********************************************************************************
product = Open Liberty 21.0.0.3 (wlp-1.0.50.cl210320210309-1101)
wlp.install.dir = D:/Projects/CSC480/TravelingGrocery-GUI/finish/target/liberty/wlp/
java.home = C:\Program Files\Java\jdk-15.0.2
java.version = 15.0.2
java.runtime = Java(TM) SE Runtime Environment (15.0.2+7-27)
os = Windows 10 (10.0; amd64) (en_US)
process = 35520@MSI
********************************************************************************
[3/23/21, 19:08:07:393 EDT] 00000001 com.ibm.ws.kernel.launch.internal.FrameworkManager           A CWWKE0001I: The server defaultServer has been launched.
[3/23/21, 19:08:12:398 EDT] 0000001a com.ibm.ws.config.xml.internal.ServerXMLConfiguration        A CWWKG0093A: Processing configuration drop-ins resource: D:\Projects\CSC480\TravelingGrocery-GUI\finish\target\liberty\wlp\usr\servers\defaultServer\configDropins\overrides\liberty-plugin-variable-config.xml
[3/23/21, 19:08:12:574 EDT] 00000001 com.ibm.ws.kernel.launch.internal.FrameworkManager           I CWWKE0002I: The kernel started after 5.456 seconds
[3/23/21, 19:08:12:593 EDT] 00000025 com.ibm.ws.kernel.feature.internal.FeatureManager            I CWWKF0007I: Feature update started.
[3/23/21, 19:08:14:365 EDT] 0000001d g.apache.cxf.cxf.core.3.2:1.0.50.cl210320210309-1101(id=92)] I Aries Blueprint packages not available. So namespaces will not be registered
[3/23/21, 19:08:14:442 EDT] 0000001d com.ibm.ws.app.manager.internal.monitor.DropinMonitor        A CWWKZ0058I: Monitoring dropins for applications.
[3/23/21, 19:08:14:691 EDT] 00000034 com.ibm.ws.app.manager.AppMessageHelper                      I CWWKZ0018I: Starting application guide-rest-client-reactjs.
[3/23/21, 19:08:14:692 EDT] 00000034 bm.ws.app.manager.war.internal.WARDeployedAppInfoFactoryImpl I CWWKZ0134I: The guide-rest-client-reactjs application is using the loose application definition at the D:\Projects\CSC480\TravelingGrocery-GUI\finish\target\liberty\wlp\usr\servers\defaultServer\apps\guide-rest-client-reactjs.war.xml location.
[3/23/21, 19:08:15:025 EDT] 00000034 com.ibm.ws.session.WASSessionCore                            I SESN8501I: The session manager did not find a persistent storage location; HttpSession objects will be stored in the local application server's memory.
[3/23/21, 19:08:15:034 EDT] 00000034 com.ibm.ws.webcontainer.osgi.webapp.WebGroup                 I SRVE0169I: Loading Web Module: Liberty Project.
[3/23/21, 19:08:15:038 EDT] 00000034 com.ibm.ws.webcontainer                                      I SRVE0250I: Web Module Liberty Project has been bound to default_host.
[3/23/21, 19:08:15:039 EDT] 00000034 com.ibm.ws.http.internal.VirtualHostImpl                     A CWWKT0016I: Web application available (default_host): http://msi.lan:9069/
[3/23/21, 19:08:15:080 EDT] 00000039 com.ibm.ws.session.WASSessionCore                            I SESN0176I: A new session context will be created for application key default_host/
[3/23/21, 19:08:15:090 EDT] 00000039 com.ibm.ws.util                                              I SESN0172I: The session manager is using the Java default SecureRandom implementation for session ID generation.
[3/23/21, 19:08:15:126 EDT] 00000039 com.ibm.ws.app.manager.AppMessageHelper                      A CWWKZ0001I: Application guide-rest-client-reactjs started in 0.435 seconds.
[3/23/21, 19:08:15:146 EDT] 00000025 com.ibm.ws.tcpchannel.internal.TCPPort                       I CWWKO0219I: TCP Channel defaultHttpEndpoint has been started and is now listening for requests on host *  (IPv6) port 9069.
[3/23/21, 19:08:15:167 EDT] 00000025 com.ibm.ws.kernel.feature.internal.FeatureManager            A CWWKF0012I: The server installed the following features: [jaxrs-2.1, jaxrsClient-2.1, jsonp-1.1, servlet-4.0].
[3/23/21, 19:08:15:167 EDT] 00000025 com.ibm.ws.kernel.feature.internal.FeatureManager            I CWWKF0008I: Feature update completed in 2.596 seconds.
[3/23/21, 19:08:15:168 EDT] 00000025 com.ibm.ws.kernel.feature.internal.FeatureManager            A CWWKF0011I: The defaultServer server is ready to run a smarter planet. The defaultServer server started in 8.052 seconds.
[3/23/21, 19:08:15:345 EDT] 0000003a com.ibm.ws.webcontainer.osgi.mbeans.PluginGenerator          I SRVE9103I: A configuration file for a web server plugin was automatically generated for this server at D:\Projects\CSC480\TravelingGrocery-GUI\finish\target\liberty\wlp\usr\servers\defaultServer\logs\state\plugin-cfg.xml.
[3/23/21, 19:08:18:196 EDT] 0000002e com.ibm.ws.http.internal.VirtualHostImpl                     A CWWKT0017I: Web application removed (default_host): http://msi.lan:9069/
[3/23/21, 19:08:18:203 EDT] 0000002e com.ibm.ws.app.manager.AppMessageHelper                      A CWWKZ0009I: The application guide-rest-client-reactjs has stopped successfully.
[3/23/21, 19:08:18:215 EDT] 0000002e com.ibm.ws.app.manager.AppMessageHelper                      I CWWKZ0018I: Starting application guide-rest-client-reactjs.
[3/23/21, 19:08:18:215 EDT] 0000002e bm.ws.app.manager.war.internal.WARDeployedAppInfoFactoryImpl I CWWKZ0134I: The guide-rest-client-reactjs application is using the loose application definition at the D:\Projects\CSC480\TravelingGrocery-GUI\finish\target\liberty\wlp\usr\servers\defaultServer\apps\guide-rest-client-reactjs.war.xml location.
[3/23/21, 19:08:18:279 EDT] 0000003b com.ibm.ws.webcontainer.osgi.mbeans.PluginGenerator          I SRVE9103I: A configuration file for a web server plugin was automatically generated for this server at D:\Projects\CSC480\TravelingGrocery-GUI\finish\target\liberty\wlp\usr\servers\defaultServer\logs\state\plugin-cfg.xml.
[3/23/21, 19:08:18:303 EDT] 0000002e com.ibm.ws.webcontainer.osgi.webapp.WebGroup                 I SRVE0169I: Loading Web Module: Liberty Project.
[3/23/21, 19:08:18:303 EDT] 0000002e com.ibm.ws.webcontainer                                      I SRVE0250I: Web Module Liberty Project has been bound to default_host.
[3/23/21, 19:08:18:303 EDT] 0000002e com.ibm.ws.http.internal.VirtualHostImpl                     A CWWKT0016I: Web application available (default_host): http://msi.lan:9069/
[3/23/21, 19:08:18:306 EDT] 00000039 com.ibm.ws.session.WASSessionCore                            I SESN0176I: A new session context will be created for application key default_host/
[3/23/21, 19:08:18:307 EDT] 00000039 com.ibm.ws.util                                              I SESN0172I: The session manager is using the Java default SecureRandom implementation for session ID generation.
[3/23/21, 19:08:18:310 EDT] 00000039 com.ibm.ws.app.manager.AppMessageHelper                      A CWWKZ0003I: The application guide-rest-client-reactjs updated in 0.095 seconds.
[3/23/21, 19:08:18:380 EDT] 0000002e com.ibm.ws.webcontainer.osgi.mbeans.PluginGenerator          I SRVE9103I: A configuration file for a web server plugin was automatically generated for this server at D:\Projects\CSC480\TravelingGrocery-GUI\finish\target\liberty\wlp\usr\servers\defaultServer\logs\state\plugin-cfg.xml.
[3/23/21, 19:08:34:215 EDT] 00000029 com.ibm.ws.webcontainer.extension                            W SRVE0190E: File not found: /favicon.ico
[3/23/21, 19:08:37:942 EDT] 00000036 com.ibm.ws.webcontainer.extension                            W SRVE0190E: File not found: /login
[3/23/21, 19:08:42:232 EDT] 0000003f com.ibm.ws.webcontainer.extension                            W SRVE0190E: File not found: /login
[3/23/21, 19:08:43:393 EDT] 0000003d com.ibm.ws.webcontainer.extension                            W SRVE0190E: File not found: /login
[3/23/21, 19:08:49:550 EDT] 00000030 com.ibm.ws.webcontainer.extension                            W SRVE0190E: File not found: /login
[3/23/21, 19:08:58:327 EDT] 00000034 com.ibm.ws.webcontainer.extension                            W SRVE0190E: File not found: /login
[3/23/21, 19:09:08:149 EDT] 0000002b com.ibm.ws.webcontainer.extension                            W SRVE0190E: File not found: /login
[3/23/21, 19:09:08:990 EDT] 0000003d com.ibm.ws.webcontainer.extension                            W SRVE0190E: File not found: /login
[3/23/21, 19:09:14:313 EDT] 00000042 com.ibm.ws.webcontainer.extension                            W SRVE0190E: File not found: /login/home
[3/23/21, 19:09:53:147 EDT] 00000038 com.ibm.ws.webcontainer.extension                            W SRVE0190E: File not found: /login
[3/23/21, 19:10:05:858 EDT] 00000041 com.ibm.ws.webcontainer.extension                            W SRVE0190E: File not found: /login
[3/23/21, 19:10:06:778 EDT] 00000039 com.ibm.ws.webcontainer.extension                            W SRVE0190E: File not found: /login
[3/23/21, 19:10:18:964 EDT] 00000037 com.ibm.ws.webcontainer.extension                            W SRVE0190E: File not found: /home
[3/23/21, 19:10:23:263 EDT] 0000002a com.ibm.ws.webcontainer.extension                            W SRVE0190E: File not found: /home
[3/23/21, 19:10:26:970 EDT] 00000038 com.ibm.ws.webcontainer.extension                            W SRVE0190E: File not found: /login
[3/23/21, 19:11:01:369 EDT] 0000002b com.ibm.ws.webcontainer.extension                            W SRVE0190E: File not found: /login
[3/23/21, 19:11:01:845 EDT] 0000003b com.ibm.ws.webcontainer.extension                            W SRVE0190E: File not found: /favicon.ico
[3/23/21, 19:11:01:855 EDT] 0000004b com.ibm.ws.webcontainer.extension                            W SRVE0190E: File not found: /logo192.png
[3/23/21, 19:11:04:219 EDT] 0000002b com.ibm.ws.webcontainer.extension                            W SRVE0190E: File not found: /login
[3/23/21, 19:11:04:309 EDT] 00000026 com.ibm.ws.webcontainer.extension                            W SRVE0190E: File not found: /logo192.png
[3/23/21, 19:11:21:654 EDT] 0000003e com.ibm.ws.webcontainer.extension                            W SRVE0190E: File not found: /login
[3/23/21, 19:11:21:784 EDT] 00000034 com.ibm.ws.webcontainer.extension                            W SRVE0190E: File not found: /logo192.png
[3/23/21, 19:11:22:734 EDT] 00000045 com.ibm.ws.webcontainer.extension                            W SRVE0190E: File not found: /login
[3/23/21, 19:11:22:984 EDT] 0000002f com.ibm.ws.webcontainer.extension                            W SRVE0190E: File not found: /logo192.png
[3/23/21, 19:12:10:964 EDT] 0000004e com.ibm.ws.webcontainer.extension                            W SRVE0190E: File not found: /login
[3/23/21, 19:12:11:205 EDT] 00000041 com.ibm.ws.webcontainer.extension                            W SRVE0190E: File not found: /logo192.png
[3/23/21, 19:12:13:682 EDT] 0000002b com.ibm.ws.webcontainer.extension                            W SRVE0190E: File not found: /login
[3/23/21, 19:12:13:949 EDT] 0000003f com.ibm.ws.webcontainer.extension                            W SRVE0190E: File not found: /logo192.png
[3/23/21, 19:12:14:873 EDT] 0000004b com.ibm.ws.webcontainer.extension                            W SRVE0190E: File not found: /login
[3/23/21, 19:12:15:084 EDT] 00000048 com.ibm.ws.webcontainer.extension                            W SRVE0190E: File not found: /logo192.png
[3/23/21, 19:12:17:181 EDT] 0000002f com.ibm.ws.webcontainer.extension                            W SRVE0190E: File not found: /login
[3/23/21, 19:12:17:277 EDT] 0000004d com.ibm.ws.webcontainer.extension                            W SRVE0190E: File not found: /logo192.png
[3/23/21, 19:12:18:422 EDT] 00000048 com.ibm.ws.webcontainer.extension                            W SRVE0190E: File not found: /login
[3/23/21, 19:12:18:505 EDT] 00000029 com.ibm.ws.webcontainer.extension                            W SRVE0190E: File not found: /logo192.png
[3/23/21, 19:12:23:396 EDT] 00000048 com.ibm.ws.webcontainer.extension                            W SRVE0190E: File not found: /logo192.png
[3/23/21, 19:12:25:403 EDT] 00000026 com.ibm.ws.webcontainer.extension                            W SRVE0190E: File not found: /login
[3/23/21, 19:12:25:490 EDT] 0000002f com.ibm.ws.webcontainer.extension                            W SRVE0190E: File not found: /logo192.png
[3/23/21, 19:12:26:364 EDT] 00000028 com.ibm.ws.webcontainer.extension                            W SRVE0190E: File not found: /login
[3/23/21, 19:12:26:453 EDT] 00000027 com.ibm.ws.webcontainer.extension                            W SRVE0190E: File not found: /logo192.png
[3/23/21, 19:12:27:378 EDT] 0000003b com.ibm.ws.webcontainer.extension                            W SRVE0190E: File not found: /login
[3/23/21, 19:12:27:469 EDT] 00000041 com.ibm.ws.webcontainer.extension                            W SRVE0190E: File not found: /logo192.png
[3/23/21, 19:12:28:061 EDT] 00000048 com.ibm.ws.webcontainer.extension                            W SRVE0190E: File not found: /login
[3/23/21, 19:12:28:286 EDT] 0000002f com.ibm.ws.webcontainer.extension                            W SRVE0190E: File not found: /logo192.png
[3/23/21, 19:12:40:648 EDT] 0000004d com.ibm.ws.webcontainer.extension                            W SRVE0190E: File not found: /login
[3/23/21, 19:12:40:748 EDT] 0000003b com.ibm.ws.webcontainer.extension                            W SRVE0190E: File not found: /logo192.png
[3/23/21, 19:12:52:035 EDT] 0000002b com.ibm.ws.webcontainer.extension                            W SRVE0190E: File not found: /login
[3/23/21, 19:12:52:262 EDT] 0000004e com.ibm.ws.webcontainer.extension                            W SRVE0190E: File not found: /logo192.png
[3/23/21, 19:13:22:350 EDT] 00000037 com.ibm.ws.webcontainer.extension                            W SRVE0190E: File not found: /edit
[3/23/21, 19:13:22:489 EDT] 00000048 com.ibm.ws.webcontainer.extension                            W SRVE0190E: File not found: /logo192.png
[3/23/21, 19:14:06:032 EDT] 0000002a com.ibm.ws.webcontainer.extension                            W SRVE0190E: File not found: /edit
[3/23/21, 19:14:06:166 EDT] 00000029 com.ibm.ws.webcontainer.extension                            W SRVE0190E: File not found: /logo192.png
[3/23/21, 19:14:07:036 EDT] 00000038 com.ibm.ws.webcontainer.extension                            W SRVE0190E: File not found: /edit
[3/23/21, 19:14:07:125 EDT] 0000004b com.ibm.ws.webcontainer.extension                            W SRVE0190E: File not found: /logo192.png
[3/23/21, 19:14:08:087 EDT] 00000045 com.ibm.ws.webcontainer.extension                            W SRVE0190E: File not found: /edit
[3/23/21, 19:14:08:181 EDT] 00000049 com.ibm.ws.webcontainer.extension                            W SRVE0190E: File not found: /logo192.png
[3/23/21, 19:14:08:865 EDT] 00000037 com.ibm.ws.webcontainer.extension                            W SRVE0190E: File not found: /edit
[3/23/21, 19:14:08:955 EDT] 00000028 com.ibm.ws.webcontainer.extension                            W SRVE0190E: File not found: /logo192.png
[3/23/21, 19:14:09:487 EDT] 0000004e com.ibm.ws.webcontainer.extension                            W SRVE0190E: File not found: /edit
[3/23/21, 19:14:09:598 EDT] 0000002f com.ibm.ws.webcontainer.extension                            W SRVE0190E: File not found: /logo192.png
[3/23/21, 19:14:18:617 EDT] 0000004a com.ibm.ws.webcontainer.extension                            W SRVE0190E: File not found: /edit
[3/23/21, 19:14:18:723 EDT] 0000004b com.ibm.ws.webcontainer.extension                            W SRVE0190E: File not found: /logo192.png
[3/23/21, 19:14:40:832 EDT] 0000004b com.ibm.ws.webcontainer.extension                            W SRVE0190E: File not found: /edit
[3/23/21, 19:14:40:930 EDT] 00000066 com.ibm.ws.webcontainer.extension                            W SRVE0190E: File not found: /logo192.png
[3/23/21, 19:14:42:030 EDT] 00000065 com.ibm.ws.webcontainer.extension                            W SRVE0190E: File not found: /logo192.png
[3/23/21, 19:14:44:924 EDT] 00000026 com.ibm.ws.webcontainer.extension                            W SRVE0190E: File not found: /logo192.png
[3/23/21, 19:15:05:967 EDT] 00000067 com.ibm.ws.webcontainer.extension                            W SRVE0190E: File not found: /logo192.png
[3/23/21, 19:15:57:096 EDT] 00000067 com.ibm.ws.webcontainer.extension                            W SRVE0190E: File not found: /login
[3/23/21, 19:15:57:325 EDT] 00000079 com.ibm.ws.webcontainer.extension                            W SRVE0190E: File not found: /logo192.png
[3/23/21, 19:15:58:935 EDT] 00000079 com.ibm.ws.webcontainer.extension                            W SRVE0190E: File not found: /login
[3/23/21, 19:15:59:148 EDT] 00000078 com.ibm.ws.webcontainer.extension                            W SRVE0190E: File not found: /logo192.png
[3/23/21, 19:16:00:112 EDT] 00000074 com.ibm.ws.webcontainer.extension                            W SRVE0190E: File not found: /login
[3/23/21, 19:16:00:318 EDT] 00000048 com.ibm.ws.webcontainer.extension                            W SRVE0190E: File not found: /logo192.png
[3/23/21, 19:16:00:921 EDT] 00000075 com.ibm.ws.webcontainer.extension                            W SRVE0190E: File not found: /login
[3/23/21, 19:16:01:198 EDT] 00000079 com.ibm.ws.webcontainer.extension                            W SRVE0190E: File not found: /logo192.png
[3/23/21, 19:16:01:650 EDT] 0000004a com.ibm.ws.webcontainer.extension                            W SRVE0190E: File not found: /login
[3/23/21, 19:16:01:839 EDT] 00000049 com.ibm.ws.webcontainer.extension                            W SRVE0190E: File not found: /logo192.png
[3/23/21, 19:16:02:445 EDT] 00000055 com.ibm.ws.webcontainer.extension                            W SRVE0190E: File not found: /login
[3/23/21, 19:16:02:637 EDT] 00000048 com.ibm.ws.webcontainer.extension                            W SRVE0190E: File not found: /logo192.png
[3/23/21, 19:16:03:235 EDT] 0000004e com.ibm.ws.webcontainer.extension                            W SRVE0190E: File not found: /login
[3/23/21, 19:16:03:436 EDT] 0000007e com.ibm.ws.webcontainer.extension                            W SRVE0190E: File not found: /logo192.png
[3/23/21, 19:16:04:058 EDT] 00000048 com.ibm.ws.webcontainer.extension                            W SRVE0190E: File not found: /login
[3/23/21, 19:16:04:276 EDT] 00000063 com.ibm.ws.webcontainer.extension                            W SRVE0190E: File not found: /logo192.png
[3/23/21, 19:16:04:760 EDT] 0000005b com.ibm.ws.webcontainer.extension                            W SRVE0190E: File not found: /login
[3/23/21, 19:16:04:951 EDT] 0000007b com.ibm.ws.webcontainer.extension                            W SRVE0190E: File not found: /logo192.png
[3/23/21, 19:16:06:323 EDT] 00000079 com.ibm.ws.webcontainer.extension                            W SRVE0190E: File not found: /login
[3/23/21, 19:16:06:543 EDT] 00000026 com.ibm.ws.webcontainer.extension                            W SRVE0190E: File not found: /logo192.png
[3/23/21, 19:16:09:930 EDT] 0000004a com.ibm.ws.webcontainer.extension                            W SRVE0190E: File not found: /login
[3/23/21, 19:16:10:166 EDT] 00000078 com.ibm.ws.webcontainer.extension                            W SRVE0190E: File not found: /logo192.png
[3/23/21, 19:16:11:999 EDT] 0000004e com.ibm.ws.webcontainer.extension                            W SRVE0190E: File not found: /login
[3/23/21, 19:16:12:224 EDT] 0000003f com.ibm.ws.webcontainer.extension                            W SRVE0190E: File not found: /logo192.png
[3/23/21, 19:16:14:975 EDT] 00000063 com.ibm.ws.webcontainer.extension                            W SRVE0190E: File not found: /login
[3/23/21, 19:16:15:194 EDT] 0000007c com.ibm.ws.webcontainer.extension                            W SRVE0190E: File not found: /logo192.png
[3/23/21, 19:16:31:213 EDT] 0000006f com.ibm.ws.webcontainer.extension                            W SRVE0190E: File not found: /login
[3/23/21, 19:16:31:635 EDT] 00000066 com.ibm.ws.webcontainer.extension                            W SRVE0190E: File not found: /logo192.png
[3/23/21, 19:17:10:214 EDT] 00000075 com.ibm.ws.webcontainer.extension                            W SRVE0190E: File not found: /login
[3/23/21, 19:17:11:481 EDT] 00000063 com.ibm.ws.webcontainer.extension                            W SRVE0190E: File not found: /login
[3/23/21, 19:17:12:471 EDT] 00000080 com.ibm.ws.webcontainer.extension                            W SRVE0190E: File not found: /login
[3/23/21, 19:17:13:415 EDT] 0000007c com.ibm.ws.webcontainer.extension                            W SRVE0190E: File not found: /login
[3/23/21, 19:17:21:764 EDT] 00000074 com.ibm.ws.webcontainer.extension                            W SRVE0190E: File not found: /login
[3/23/21, 19:17:22:791 EDT] 0000005b com.ibm.ws.webcontainer.extension                            W SRVE0190E: File not found: /login
[3/23/21, 19:17:23:552 EDT] 00000082 com.ibm.ws.webcontainer.extension                            W SRVE0190E: File not found: /login
[3/23/21, 19:17:24:184 EDT] 0000005b com.ibm.ws.webcontainer.extension                            W SRVE0190E: File not found: /login
[3/23/21, 19:17:25:004 EDT] 00000075 com.ibm.ws.webcontainer.extension                            W SRVE0190E: File not found: /login
[3/23/21, 19:17:25:579 EDT] 00000026 com.ibm.ws.webcontainer.extension                            W SRVE0190E: File not found: /login
[3/23/21, 19:17:26:155 EDT] 00000084 com.ibm.ws.webcontainer.extension                            W SRVE0190E: File not found: /login
[3/23/21, 19:17:26:708 EDT] 00000066 com.ibm.ws.webcontainer.extension                            W SRVE0190E: File not found: /login
[3/23/21, 19:25:25:279 EDT] 00000150 com.ibm.ws.webcontainer.extension                            W SRVE0190E: File not found: /login
[3/23/21, 19:31:47:928 EDT] 00000016 com.ibm.ws.kernel.launch.internal.ServerCommandListener      A CWWKE0055I: Server shutdown requested on Tuesday, March 23, 2021 at 7:31 PM. The server defaultServer is shutting down.
[3/23/21, 19:31:47:936 EDT] 00000200 com.ibm.ws.runtime.update.internal.RuntimeUpdateManagerImpl  A CWWKE1100I: Waiting for up to 30 seconds for the server to quiesce.
[3/23/21, 19:31:47:946 EDT] 000001ee com.ibm.ws.tcpchannel.internal.TCPChannel                    I CWWKO0220I: TCP Channel defaultHttpEndpoint has stopped listening for requests on host *  (IPv6) port 9069.
[3/23/21, 19:31:47:947 EDT] 000001ee com.ibm.ws.http.internal.VirtualHostImpl                     A CWWKT0017I: Web application removed (default_host): http://msi.lan:9069/
[3/23/21, 19:31:47:950 EDT] 00000200 com.ibm.ws.runtime.update.internal.RuntimeUpdateManagerImpl  I CWWKE1101I: Server quiesce complete.
[3/23/21, 19:31:47:970 EDT] 000001f4 com.ibm.ws.app.manager.AppMessageHelper                      A CWWKZ0009I: The application guide-rest-client-reactjs has stopped successfully.
[3/23/21, 19:31:48:286 EDT] 00000001 com.ibm.ws.kernel.launch.internal.FrameworkManager           A CWWKE0036I: The server defaultServer stopped after 23 minutes, 41.17 seconds.
