********************************************************************************
product = Open Liberty 21.0.0.3 (wlp-1.0.50.cl210320210309-1101)
wlp.install.dir = D:/Projects/React_OpenLiberty/guide-rest-client-reactjs/finish/target/liberty/wlp/
java.home = C:\Program Files\Java\jdk-15.0.2
java.version = 15.0.2
java.runtime = Java(TM) SE Runtime Environment (15.0.2+7-27)
os = Windows 10 (10.0; amd64) (en_US)
process = 32468@MSI
********************************************************************************
[3/23/21, 18:22:19:733 EDT] 00000001 com.ibm.ws.kernel.launch.internal.FrameworkManager           A CWWKE0001I: The server defaultServer has been launched.
[3/23/21, 18:22:20:634 EDT] 0000001a com.ibm.ws.config.xml.internal.ServerXMLConfiguration        A CWWKG0093A: Processing configuration drop-ins resource: D:\Projects\React_OpenLiberty\guide-rest-client-reactjs\finish\target\liberty\wlp\usr\servers\defaultServer\configDropins\overrides\liberty-plugin-variable-config.xml
[3/23/21, 18:22:20:932 EDT] 00000001 com.ibm.ws.kernel.launch.internal.FrameworkManager           I CWWKE0002I: The kernel started after 1.512 seconds
[3/23/21, 18:22:20:974 EDT] 00000025 com.ibm.ws.kernel.feature.internal.FeatureManager            I CWWKF0007I: Feature update started.
[3/23/21, 18:22:21:942 EDT] 0000001d g.apache.cxf.cxf.core.3.2:1.0.50.cl210320210309-1101(id=92)] I Aries Blueprint packages not available. So namespaces will not be registered
[3/23/21, 18:22:22:089 EDT] 0000001a com.ibm.ws.app.manager.internal.monitor.DropinMonitor        A CWWKZ0058I: Monitoring dropins for applications.
[3/23/21, 18:22:22:519 EDT] 00000032 com.ibm.ws.app.manager.AppMessageHelper                      I CWWKZ0018I: Starting application guide-rest-client-reactjs.
[3/23/21, 18:22:22:520 EDT] 00000032 bm.ws.app.manager.war.internal.WARDeployedAppInfoFactoryImpl I CWWKZ0134I: The guide-rest-client-reactjs application is using the loose application definition at the D:\Projects\React_OpenLiberty\guide-rest-client-reactjs\finish\target\liberty\wlp\usr\servers\defaultServer\apps\guide-rest-client-reactjs.war.xml location.
[3/23/21, 18:22:23:071 EDT] 00000032 com.ibm.ws.session.WASSessionCore                            I SESN8501I: The session manager did not find a persistent storage location; HttpSession objects will be stored in the local application server's memory.
[3/23/21, 18:22:23:079 EDT] 00000032 com.ibm.ws.webcontainer.osgi.webapp.WebGroup                 I SRVE0169I: Loading Web Module: Liberty Project.
[3/23/21, 18:22:23:082 EDT] 00000032 com.ibm.ws.webcontainer                                      I SRVE0250I: Web Module Liberty Project has been bound to default_host.
[3/23/21, 18:22:23:084 EDT] 00000032 com.ibm.ws.http.internal.VirtualHostImpl                     A CWWKT0016I: Web application available (default_host): http://msi.lan:9080/
[3/23/21, 18:22:23:133 EDT] 00000037 com.ibm.ws.session.WASSessionCore                            I SESN0176I: A new session context will be created for application key default_host/
[3/23/21, 18:22:23:145 EDT] 00000037 com.ibm.ws.util                                              I SESN0172I: The session manager is using the Java default SecureRandom implementation for session ID generation.
[3/23/21, 18:22:23:211 EDT] 00000037 com.ibm.ws.app.manager.AppMessageHelper                      A CWWKZ0001I: Application guide-rest-client-reactjs started in 0.691 seconds.
[3/23/21, 18:22:23:231 EDT] 00000025 com.ibm.ws.tcpchannel.internal.TCPPort                       I CWWKO0219I: TCP Channel defaultHttpEndpoint has been started and is now listening for requests on host *  (IPv6) port 9080.
[3/23/21, 18:22:23:259 EDT] 00000025 com.ibm.ws.kernel.feature.internal.FeatureManager            A CWWKF0012I: The server installed the following features: [jaxrs-2.1, jaxrsClient-2.1, jsonp-1.1, servlet-4.0].
[3/23/21, 18:22:23:259 EDT] 00000025 com.ibm.ws.kernel.feature.internal.FeatureManager            I CWWKF0008I: Feature update completed in 2.330 seconds.
[3/23/21, 18:22:23:260 EDT] 00000025 com.ibm.ws.kernel.feature.internal.FeatureManager            A CWWKF0011I: The defaultServer server is ready to run a smarter planet. The defaultServer server started in 3.842 seconds.
[3/23/21, 18:22:23:514 EDT] 00000038 com.ibm.ws.webcontainer.osgi.mbeans.PluginGenerator          I SRVE9103I: A configuration file for a web server plugin was automatically generated for this server at D:\Projects\React_OpenLiberty\guide-rest-client-reactjs\finish\target\liberty\wlp\usr\servers\defaultServer\logs\state\plugin-cfg.xml.
[3/23/21, 18:22:26:573 EDT] 0000003c com.ibm.ws.http.internal.VirtualHostImpl                     A CWWKT0017I: Web application removed (default_host): http://msi.lan:9080/
[3/23/21, 18:22:26:588 EDT] 0000003c com.ibm.ws.app.manager.AppMessageHelper                      A CWWKZ0009I: The application guide-rest-client-reactjs has stopped successfully.
[3/23/21, 18:22:26:597 EDT] 0000003c com.ibm.ws.app.manager.AppMessageHelper                      I CWWKZ0018I: Starting application guide-rest-client-reactjs.
[3/23/21, 18:22:26:598 EDT] 0000003c bm.ws.app.manager.war.internal.WARDeployedAppInfoFactoryImpl I CWWKZ0134I: The guide-rest-client-reactjs application is using the loose application definition at the D:\Projects\React_OpenLiberty\guide-rest-client-reactjs\finish\target\liberty\wlp\usr\servers\defaultServer\apps\guide-rest-client-reactjs.war.xml location.
[3/23/21, 18:22:26:698 EDT] 0000003c com.ibm.ws.webcontainer.osgi.webapp.WebGroup                 I SRVE0169I: Loading Web Module: Liberty Project.
[3/23/21, 18:22:26:698 EDT] 0000003c com.ibm.ws.webcontainer                                      I SRVE0250I: Web Module Liberty Project has been bound to default_host.
[3/23/21, 18:22:26:698 EDT] 0000003c com.ibm.ws.http.internal.VirtualHostImpl                     A CWWKT0016I: Web application available (default_host): http://msi.lan:9080/
[3/23/21, 18:22:26:698 EDT] 00000025 com.ibm.ws.webcontainer.osgi.mbeans.PluginGenerator          I SRVE9103I: A configuration file for a web server plugin was automatically generated for this server at D:\Projects\React_OpenLiberty\guide-rest-client-reactjs\finish\target\liberty\wlp\usr\servers\defaultServer\logs\state\plugin-cfg.xml.
[3/23/21, 18:22:26:702 EDT] 00000040 com.ibm.ws.session.WASSessionCore                            I SESN0176I: A new session context will be created for application key default_host/
[3/23/21, 18:22:26:703 EDT] 00000040 com.ibm.ws.util                                              I SESN0172I: The session manager is using the Java default SecureRandom implementation for session ID generation.
[3/23/21, 18:22:26:706 EDT] 00000040 com.ibm.ws.app.manager.AppMessageHelper                      A CWWKZ0003I: The application guide-rest-client-reactjs updated in 0.109 seconds.
[3/23/21, 18:22:26:800 EDT] 0000003c com.ibm.ws.webcontainer.osgi.mbeans.PluginGenerator          I SRVE9103I: A configuration file for a web server plugin was automatically generated for this server at D:\Projects\React_OpenLiberty\guide-rest-client-reactjs\finish\target\liberty\wlp\usr\servers\defaultServer\logs\state\plugin-cfg.xml.
[3/23/21, 18:22:50:921 EDT] 0000002c com.ibm.ws.webcontainer.extension                            W SRVE0190E: File not found: /favicon.ico
[3/23/21, 18:22:57:331 EDT] 00000029 com.ibm.ws.webcontainer.extension                            W SRVE0190E: File not found: /login
[3/23/21, 18:23:02:497 EDT] 00000016 com.ibm.ws.kernel.launch.internal.ServerCommandListener      A CWWKE0055I: Server shutdown requested on Tuesday, March 23, 2021 at 6:23 PM. The server defaultServer is shutting down.
[3/23/21, 18:23:02:500 EDT] 00000044 com.ibm.ws.runtime.update.internal.RuntimeUpdateManagerImpl  A CWWKE1100I: Waiting for up to 30 seconds for the server to quiesce.
[3/23/21, 18:23:02:504 EDT] 00000026 com.ibm.ws.tcpchannel.internal.TCPChannel                    I CWWKO0220I: TCP Channel defaultHttpEndpoint has stopped listening for requests on host *  (IPv6) port 9080.
[3/23/21, 18:23:02:505 EDT] 00000026 com.ibm.ws.http.internal.VirtualHostImpl                     A CWWKT0017I: Web application removed (default_host): http://msi.lan:9080/
[3/23/21, 18:23:03:509 EDT] 00000044 com.ibm.ws.runtime.update.internal.RuntimeUpdateManagerImpl  I CWWKE1101I: Server quiesce complete.
[3/23/21, 18:23:03:539 EDT] 00000036 com.ibm.ws.app.manager.AppMessageHelper                      A CWWKZ0009I: The application guide-rest-client-reactjs has stopped successfully.
[3/23/21, 18:23:03:879 EDT] 00000001 com.ibm.ws.kernel.launch.internal.FrameworkManager           A CWWKE0036I: The server defaultServer stopped after 44.462 seconds.
