********************************************************************************
product = Open Liberty 21.0.0.3 (wlp-1.0.50.cl210320210309-1101)
wlp.install.dir = D:/Projects/React_OpenLiberty/guide-rest-client-reactjs/Jeff_OL/target/liberty/wlp/
java.home = C:\Program Files\Java\jdk-15.0.2
java.version = 15.0.2
java.runtime = Java(TM) SE Runtime Environment (15.0.2+7-27)
os = Windows 10 (10.0; amd64) (en_US)
process = 26612@MSI
********************************************************************************
[3/23/21, 20:44:17:485 EDT] 00000001 com.ibm.ws.kernel.launch.internal.FrameworkManager           A CWWKE0001I: The server defaultServer has been launched.
[3/23/21, 20:44:18:706 EDT] 0000001c com.ibm.ws.config.xml.internal.ServerXMLConfiguration        A CWWKG0093A: Processing configuration drop-ins resource: D:\Projects\React_OpenLiberty\guide-rest-client-reactjs\Jeff_OL\target\liberty\wlp\usr\servers\defaultServer\configDropins\overrides\liberty-plugin-variable-config.xml
[3/23/21, 20:44:19:019 EDT] 00000001 com.ibm.ws.kernel.launch.internal.FrameworkManager           I CWWKE0002I: The kernel started after 1.871 seconds
[3/23/21, 20:44:19:059 EDT] 00000025 com.ibm.ws.kernel.feature.internal.FeatureManager            I CWWKF0007I: Feature update started.
[3/23/21, 20:44:19:685 EDT] 0000001c g.apache.cxf.cxf.core.3.2:1.0.50.cl210320210309-1101(id=92)] I Aries Blueprint packages not available. So namespaces will not be registered
[3/23/21, 20:44:19:806 EDT] 0000001a com.ibm.ws.app.manager.internal.monitor.DropinMonitor        A CWWKZ0058I: Monitoring dropins for applications.
[3/23/21, 20:44:20:257 EDT] 00000030 com.ibm.ws.app.manager.AppMessageHelper                      I CWWKZ0018I: Starting application guide-rest-client-reactjs.
[3/23/21, 20:44:20:259 EDT] 00000030 bm.ws.app.manager.war.internal.WARDeployedAppInfoFactoryImpl I CWWKZ0134I: The guide-rest-client-reactjs application is using the loose application definition at the D:\Projects\React_OpenLiberty\guide-rest-client-reactjs\Jeff_OL\target\liberty\wlp\usr\servers\defaultServer\apps\guide-rest-client-reactjs.war.xml location.
[3/23/21, 20:44:20:919 EDT] 00000030 com.ibm.ws.session.WASSessionCore                            I SESN8501I: The session manager did not find a persistent storage location; HttpSession objects will be stored in the local application server's memory.
[3/23/21, 20:44:20:927 EDT] 00000030 com.ibm.ws.webcontainer.osgi.webapp.WebGroup                 I SRVE0169I: Loading Web Module: Liberty Project.
[3/23/21, 20:44:20:930 EDT] 00000030 com.ibm.ws.webcontainer                                      I SRVE0250I: Web Module Liberty Project has been bound to default_host.
[3/23/21, 20:44:20:932 EDT] 00000030 com.ibm.ws.http.internal.VirtualHostImpl                     A CWWKT0016I: Web application available (default_host): http://msi.lan:9069/
[3/23/21, 20:44:20:991 EDT] 0000003a com.ibm.ws.session.WASSessionCore                            I SESN0176I: A new session context will be created for application key default_host/
[3/23/21, 20:44:21:005 EDT] 0000003a com.ibm.ws.util                                              I SESN0172I: The session manager is using the Java default SecureRandom implementation for session ID generation.
[3/23/21, 20:44:21:066 EDT] 0000003a com.ibm.ws.app.manager.AppMessageHelper                      A CWWKZ0001I: Application guide-rest-client-reactjs started in 0.809 seconds.
[3/23/21, 20:44:21:089 EDT] 00000025 com.ibm.ws.tcpchannel.internal.TCPPort                       I CWWKO0219I: TCP Channel defaultHttpEndpoint has been started and is now listening for requests on host *  (IPv6) port 9069.
[3/23/21, 20:44:21:117 EDT] 00000025 com.ibm.ws.kernel.feature.internal.FeatureManager            A CWWKF0012I: The server installed the following features: [jaxrs-2.1, jaxrsClient-2.1, jsonp-1.1, servlet-4.0].
[3/23/21, 20:44:21:119 EDT] 00000025 com.ibm.ws.kernel.feature.internal.FeatureManager            I CWWKF0008I: Feature update completed in 2.104 seconds.
[3/23/21, 20:44:21:121 EDT] 00000025 com.ibm.ws.kernel.feature.internal.FeatureManager            A CWWKF0011I: The defaultServer server is ready to run a smarter planet. The defaultServer server started in 3.975 seconds.
[3/23/21, 20:44:21:379 EDT] 0000003b com.ibm.ws.webcontainer.osgi.mbeans.PluginGenerator          I SRVE9103I: A configuration file for a web server plugin was automatically generated for this server at D:\Projects\React_OpenLiberty\guide-rest-client-reactjs\Jeff_OL\target\liberty\wlp\usr\servers\defaultServer\logs\state\plugin-cfg.xml.
[3/23/21, 20:44:23:794 EDT] 00000033 com.ibm.ws.http.internal.VirtualHostImpl                     A CWWKT0017I: Web application removed (default_host): http://msi.lan:9069/
[3/23/21, 20:44:23:803 EDT] 00000033 com.ibm.ws.app.manager.AppMessageHelper                      A CWWKZ0009I: The application guide-rest-client-reactjs has stopped successfully.
[3/23/21, 20:44:23:808 EDT] 00000033 com.ibm.ws.app.manager.AppMessageHelper                      I CWWKZ0018I: Starting application guide-rest-client-reactjs.
[3/23/21, 20:44:23:808 EDT] 00000033 bm.ws.app.manager.war.internal.WARDeployedAppInfoFactoryImpl I CWWKZ0134I: The guide-rest-client-reactjs application is using the loose application definition at the D:\Projects\React_OpenLiberty\guide-rest-client-reactjs\Jeff_OL\target\liberty\wlp\usr\servers\defaultServer\apps\guide-rest-client-reactjs.war.xml location.
[3/23/21, 20:44:23:900 EDT] 00000036 com.ibm.ws.webcontainer.osgi.mbeans.PluginGenerator          I SRVE9103I: A configuration file for a web server plugin was automatically generated for this server at D:\Projects\React_OpenLiberty\guide-rest-client-reactjs\Jeff_OL\target\liberty\wlp\usr\servers\defaultServer\logs\state\plugin-cfg.xml.
[3/23/21, 20:44:23:943 EDT] 00000033 com.ibm.ws.webcontainer.osgi.webapp.WebGroup                 I SRVE0169I: Loading Web Module: Liberty Project.
[3/23/21, 20:44:23:943 EDT] 00000033 com.ibm.ws.webcontainer                                      I SRVE0250I: Web Module Liberty Project has been bound to default_host.
[3/23/21, 20:44:23:943 EDT] 00000033 com.ibm.ws.http.internal.VirtualHostImpl                     A CWWKT0016I: Web application available (default_host): http://msi.lan:9069/
[3/23/21, 20:44:23:946 EDT] 00000038 com.ibm.ws.session.WASSessionCore                            I SESN0176I: A new session context will be created for application key default_host/
[3/23/21, 20:44:23:947 EDT] 00000038 com.ibm.ws.util                                              I SESN0172I: The session manager is using the Java default SecureRandom implementation for session ID generation.
[3/23/21, 20:44:23:950 EDT] 00000038 com.ibm.ws.app.manager.AppMessageHelper                      A CWWKZ0003I: The application guide-rest-client-reactjs updated in 0.142 seconds.
[3/23/21, 20:44:24:035 EDT] 00000039 com.ibm.ws.webcontainer.osgi.mbeans.PluginGenerator          I SRVE9103I: A configuration file for a web server plugin was automatically generated for this server at D:\Projects\React_OpenLiberty\guide-rest-client-reactjs\Jeff_OL\target\liberty\wlp\usr\servers\defaultServer\logs\state\plugin-cfg.xml.
[3/23/21, 20:44:46:302 EDT] 0000003a com.ibm.ws.webcontainer.extension                            W SRVE0190E: File not found: /dashboard
[3/23/21, 20:45:27:957 EDT] 00000016 com.ibm.ws.kernel.launch.internal.ServerCommandListener      A CWWKE0055I: Server shutdown requested on Tuesday, March 23, 2021 at 8:45 PM. The server defaultServer is shutting down.
[3/23/21, 20:45:27:961 EDT] 00000044 com.ibm.ws.runtime.update.internal.RuntimeUpdateManagerImpl  A CWWKE1100I: Waiting for up to 30 seconds for the server to quiesce.
[3/23/21, 20:45:27:969 EDT] 00000029 com.ibm.ws.tcpchannel.internal.TCPChannel                    I CWWKO0220I: TCP Channel defaultHttpEndpoint has stopped listening for requests on host *  (IPv6) port 9069.
[3/23/21, 20:45:27:970 EDT] 00000029 com.ibm.ws.http.internal.VirtualHostImpl                     A CWWKT0017I: Web application removed (default_host): http://msi.lan:9069/
[3/23/21, 20:45:27:973 EDT] 00000044 com.ibm.ws.runtime.update.internal.RuntimeUpdateManagerImpl  I CWWKE1101I: Server quiesce complete.
[3/23/21, 20:45:27:997 EDT] 00000037 com.ibm.ws.app.manager.AppMessageHelper                      A CWWKZ0009I: The application guide-rest-client-reactjs has stopped successfully.
[3/23/21, 20:45:28:346 EDT] 00000001 com.ibm.ws.kernel.launch.internal.FrameworkManager           A CWWKE0036I: The server defaultServer stopped after 1 minutes, 11.2 seconds.
